<?xml version="1.0" encoding="UTF-8"?>
<!-- Generated by org.testng.reporters.JUnitReportReporter -->
<testsuite skipped="0" hostname="DESKTOP-CLP44QM" name="com.Appmaker.TestCases.CRM_Template" tests="2" failures="0" timestamp="23 Jan 2022 06:20:59 GMT" time="152.890" errors="0">
  <testcase name="LogintoApplication" time="71.623" classname="com.Appmaker.TestCases.CRM_Template"/>
  <testcase name="createNewCRMapp" time="81.267" classname="com.Appmaker.TestCases.CRM_Template"/>
</testsuite> <!-- com.Appmaker.TestCases.CRM_Template -->
