<?xml version="1.0" encoding="UTF-8"?>
<!-- Generated by org.testng.reporters.JUnitReportReporter -->
<testsuite skipped="0" hostname="DESKTOP-CLP44QM" name="com.Appmaker.TestCases.CRM_Template" tests="2" failures="0" timestamp="23 Jan 2022 04:02:21 GMT" time="153.318" errors="0">
  <testcase name="LogintoApplication" time="72.002" classname="com.Appmaker.TestCases.CRM_Template"/>
  <testcase name="createNewCRMapp" time="81.316" classname="com.Appmaker.TestCases.CRM_Template"/>
</testsuite> <!-- com.Appmaker.TestCases.CRM_Template -->
